2023-05-30 09:10:03.986 INFO  PID_IS_UNDEFINED --- [main] com.study.spring.mvc.ControllerAdvice2.Application - this is info
2023-05-30 09:10:48.343 INFO  PID_IS_UNDEFINED --- [main] com.study.spring.mvc.ControllerAdvice2.Application - this is info
2023-05-30 09:11:10.386 INFO  PID_IS_UNDEFINED --- [main] com.study.spring.mvc.ControllerAdvice2.Application - this is info
2023-05-30 09:13:24.411 INFO  PID_IS_UNDEFINED --- [test] com.study.spring.mvc.ControllerAdvice2.Application - this is info
2023-05-30 09:14:03.827 INFO  PID_IS_UNDEFINED --- [test] com.study.spring.mvc.ControllerAdvice2.Application - this is info
2023-05-30 09:14:26.819 INFO  PID_IS_UNDEFINED --- [main] com.study.spring.mvc.ControllerAdvice2.Application - this is info
2023-05-30 17:09:26.268 INFO  PID_IS_UNDEFINED --- [main] o.s.c.s.PostProcessorRegistrationDelegate$BeanPostProcessorChecker - Bean 'webConfig' of type [com.study.spring.mvc.Exception.Tomcat.WebConfig$$EnhancerBySpringCGLIB$$205c8f8] is not eligible for getting processed by all BeanPostProcessors (for example: not eligible for auto-proxying)
2023-05-30 17:09:28.182 INFO  PID_IS_UNDEFINED --- [main] o.s.boot.web.embedded.tomcat.TomcatWebServer - Tomcat initialized with port(s): 8080 (http)
2023-05-30 17:09:28.621 INFO  PID_IS_UNDEFINED --- [main] o.s.b.w.s.c.ServletWebServerApplicationContext - Root WebApplicationContext: initialization completed in 2916 ms
2023-05-30 17:09:29.585 INFO  PID_IS_UNDEFINED --- [main] o.s.boot.web.embedded.tomcat.TomcatWebServer - Tomcat started on port(s): 8080 (http) with context path ''
2023-05-30 17:09:50.417 INFO  PID_IS_UNDEFINED --- [http-nio-8080-exec-1] org.springframework.web.servlet.DispatcherServlet - Initializing Servlet 'dispatcherServlet'
2023-05-30 17:09:50.467 INFO  PID_IS_UNDEFINED --- [http-nio-8080-exec-1] org.springframework.web.servlet.DispatcherServlet - Completed initialization in 50 ms
2023-05-30 17:09:50.511 WARN  PID_IS_UNDEFINED --- [http-nio-8080-exec-1] org.springframework.web.servlet.PageNotFound - No mapping for GET /testModelAttr
2023-05-30 17:38:53.688 INFO  PID_IS_UNDEFINED --- [main] o.s.c.s.PostProcessorRegistrationDelegate$BeanPostProcessorChecker - Bean 'webConfig' of type [com.study.spring.mvc.Exception.Tomcat.WebConfig$$EnhancerBySpringCGLIB$$e3f4dd40] is not eligible for getting processed by all BeanPostProcessors (for example: not eligible for auto-proxying)
2023-05-30 17:38:55.835 INFO  PID_IS_UNDEFINED --- [main] o.s.boot.web.embedded.tomcat.TomcatWebServer - Tomcat initialized with port(s): 8080 (http)
2023-05-30 17:38:56.634 INFO  PID_IS_UNDEFINED --- [main] o.s.b.w.s.c.ServletWebServerApplicationContext - Root WebApplicationContext: initialization completed in 3766 ms
2023-05-30 17:38:58.047 INFO  PID_IS_UNDEFINED --- [main] o.s.boot.web.embedded.tomcat.TomcatWebServer - Tomcat started on port(s): 8080 (http) with context path ''
2023-05-30 17:39:06.190 INFO  PID_IS_UNDEFINED --- [http-nio-8080-exec-2] org.springframework.web.servlet.DispatcherServlet - Initializing Servlet 'dispatcherServlet'
2023-05-30 17:39:06.259 INFO  PID_IS_UNDEFINED --- [http-nio-8080-exec-2] org.springframework.web.servlet.DispatcherServlet - Completed initialization in 69 ms
2023-05-30 17:42:13.470 INFO  PID_IS_UNDEFINED --- [main] o.s.c.s.PostProcessorRegistrationDelegate$BeanPostProcessorChecker - Bean 'webConfig' of type [com.study.spring.mvc.Exception.Tomcat.WebConfig$$EnhancerBySpringCGLIB$$e3f4dd40] is not eligible for getting processed by all BeanPostProcessors (for example: not eligible for auto-proxying)
2023-05-30 17:42:15.985 INFO  PID_IS_UNDEFINED --- [main] o.s.boot.web.embedded.tomcat.TomcatWebServer - Tomcat initialized with port(s): 8080 (http)
2023-05-30 17:42:16.860 INFO  PID_IS_UNDEFINED --- [main] o.s.b.w.s.c.ServletWebServerApplicationContext - Root WebApplicationContext: initialization completed in 4270 ms
2023-05-30 17:42:18.510 INFO  PID_IS_UNDEFINED --- [main] o.s.boot.web.embedded.tomcat.TomcatWebServer - Tomcat started on port(s): 8080 (http) with context path ''
2023-05-30 17:42:30.101 INFO  PID_IS_UNDEFINED --- [http-nio-8080-exec-1] org.springframework.web.servlet.DispatcherServlet - Initializing Servlet 'dispatcherServlet'
2023-05-30 17:42:30.191 INFO  PID_IS_UNDEFINED --- [http-nio-8080-exec-1] org.springframework.web.servlet.DispatcherServlet - Completed initialization in 89 ms
2023-05-30 17:59:03.485 INFO  PID_IS_UNDEFINED --- [main] o.s.c.s.PostProcessorRegistrationDelegate$BeanPostProcessorChecker - Bean 'webConfig' of type [com.study.spring.mvc.Exception.Tomcat.WebConfig$$EnhancerBySpringCGLIB$$2d258e9b] is not eligible for getting processed by all BeanPostProcessors (for example: not eligible for auto-proxying)
2023-05-30 17:59:06.473 INFO  PID_IS_UNDEFINED --- [main] o.s.boot.web.embedded.tomcat.TomcatWebServer - Tomcat initialized with port(s): 8080 (http)
2023-05-30 17:59:07.355 INFO  PID_IS_UNDEFINED --- [main] o.s.b.w.s.c.ServletWebServerApplicationContext - Root WebApplicationContext: initialization completed in 4930 ms
2023-05-30 17:59:09.357 WARN  PID_IS_UNDEFINED --- [main] o.s.b.w.s.c.AnnotationConfigServletWebServerApplicationContext - Exception encountered during context initialization - cancelling refresh attempt: org.springframework.context.ApplicationContextException: Failed to start bean 'webServerStartStop'; nested exception is org.springframework.boot.web.server.PortInUseException: Port 8080 is already in use
2023-05-30 17:59:36.678 INFO  PID_IS_UNDEFINED --- [main] o.s.c.s.PostProcessorRegistrationDelegate$BeanPostProcessorChecker - Bean 'webConfig' of type [com.study.spring.mvc.Exception.Tomcat.WebConfig$$EnhancerBySpringCGLIB$$2d258e9b] is not eligible for getting processed by all BeanPostProcessors (for example: not eligible for auto-proxying)
2023-05-30 17:59:39.466 INFO  PID_IS_UNDEFINED --- [main] o.s.boot.web.embedded.tomcat.TomcatWebServer - Tomcat initialized with port(s): 8080 (http)
2023-05-30 17:59:40.115 INFO  PID_IS_UNDEFINED --- [main] o.s.b.w.s.c.ServletWebServerApplicationContext - Root WebApplicationContext: initialization completed in 4358 ms
2023-05-30 17:59:41.584 INFO  PID_IS_UNDEFINED --- [main] o.s.boot.web.embedded.tomcat.TomcatWebServer - Tomcat started on port(s): 8080 (http) with context path ''
2023-05-30 18:03:41.268 INFO  PID_IS_UNDEFINED --- [http-nio-8080-exec-1] org.springframework.web.servlet.DispatcherServlet - Initializing Servlet 'dispatcherServlet'
2023-05-30 18:03:41.349 INFO  PID_IS_UNDEFINED --- [http-nio-8080-exec-1] org.springframework.web.servlet.DispatcherServlet - Completed initialization in 81 ms
2023-05-30 18:52:37.023 INFO  PID_IS_UNDEFINED --- [main] o.s.boot.web.embedded.tomcat.TomcatWebServer - Tomcat initialized with port(s): 8080 (http)
2023-05-30 18:52:37.763 INFO  PID_IS_UNDEFINED --- [main] o.s.b.w.s.c.ServletWebServerApplicationContext - Root WebApplicationContext: initialization completed in 3942 ms
2023-05-30 18:52:38.002 WARN  PID_IS_UNDEFINED --- [main] o.s.b.w.s.c.AnnotationConfigServletWebServerApplicationContext - Exception encountered during context initialization - cancelling refresh attempt: org.springframework.context.ApplicationContextException: Failed to start bean 'webServerStartStop'; nested exception is org.springframework.boot.web.server.PortInUseException: Port 8080 is already in use
2023-05-30 18:52:59.926 INFO  PID_IS_UNDEFINED --- [main] o.s.boot.web.embedded.tomcat.TomcatWebServer - Tomcat initialized with port(s): 8080 (http)
2023-05-30 18:53:00.939 INFO  PID_IS_UNDEFINED --- [main] o.s.b.w.s.c.ServletWebServerApplicationContext - Root WebApplicationContext: initialization completed in 5975 ms
2023-05-30 18:53:02.565 INFO  PID_IS_UNDEFINED --- [main] o.s.boot.web.embedded.tomcat.TomcatWebServer - Tomcat started on port(s): 8080 (http) with context path ''
2023-05-30 18:53:37.372 INFO  PID_IS_UNDEFINED --- [http-nio-8080-exec-1] org.springframework.web.servlet.DispatcherServlet - Initializing Servlet 'dispatcherServlet'
2023-05-30 18:53:38.572 INFO  PID_IS_UNDEFINED --- [http-nio-8080-exec-1] org.springframework.web.servlet.DispatcherServlet - Completed initialization in 1199 ms
2023-05-30 18:53:46.308 WARN  PID_IS_UNDEFINED --- [http-nio-8080-exec-3] org.springframework.web.servlet.PageNotFound - No mapping for GET /c2
